生成启动时间为 2018-08-18 08:50:52。
     1>项目“E:\未来项目\GOGPY\主要程序\GOGPY\ClassLibrary1\ClassLibrary1.vcxproj”在节点 2 上(Rebuild 个目标)。
     1>C:\Program Files (x86)\MSBuild\Microsoft.Cpp\v4.0\V110\Microsoft.CppBuild.targets(346,5): warning MSB8004: Output Directory does not end with a trailing slash.  This build instance will add the slash as it is required to allow proper evaluation of the Output Directory.
     1>ClCompile:
         D:\Program Files (x86)\Microsoft Visual Studio 11.0\VC\bin\CL.exe /c /AI"C:\Program Files (x86)\Reference Assemblies\Microsoft\Framework\.NETFramework\v4.5\\" /AI"C:\Program Files (x86)\Windows Kits\8.0\References\CommonConfiguration\Neutral" /AI"C:\Program Files (x86)\Reference Assemblies\Microsoft\Framework\.NETFramework\v4.5\Facades\\" /Zi /clr /nologo /W3 /WX- /Od /Oy- /D WIN32 /D _DEBUG /D _WINDLL /D _UNICODE /D UNICODE /EHa /MDd /GS /fp:precise /Zc:wchar_t /Zc:forScope /Yc"stdafx.h" /Fp"Debug\GOClrClasslibrary.pch" /Fo"Debug\\" /Fd"Debug\vc110.pdb" /TP /FU"C:\Program Files (x86)\Reference Assemblies\Microsoft\Framework\.NETFramework\v4.5\mscorlib.dll" /FU"C:\Program Files (x86)\Reference Assemblies\Microsoft\Framework\.NETFramework\v4.5\System.Data.dll" /FU"C:\Program Files (x86)\Reference Assemblies\Microsoft\Framework\.NETFramework\v4.5\System.dll" /FU"C:\Program Files (x86)\Reference Assemblies\Microsoft\Framework\.NETFramework\v4.5\System.Xml.dll" /analyze- /errorReport:prompt /clr:nostdlib Stdafx.cpp
         Stdafx.cpp
         D:\Program Files (x86)\Microsoft Visual Studio 11.0\VC\bin\CL.exe /c /AI"C:\Program Files (x86)\Reference Assemblies\Microsoft\Framework\.NETFramework\v4.5\\" /AI"C:\Program Files (x86)\Windows Kits\8.0\References\CommonConfiguration\Neutral" /AI"C:\Program Files (x86)\Reference Assemblies\Microsoft\Framework\.NETFramework\v4.5\Facades\\" /Zi /clr /nologo /W3 /WX- /Od /Oy- /D WIN32 /D _DEBUG /D _WINDLL /D _UNICODE /D UNICODE /EHa /MDd /GS /fp:precise /Zc:wchar_t /Zc:forScope /Yu"stdafx.h" /Fp"Debug\GOClrClasslibrary.pch" /Fo"Debug\\" /Fd"Debug\vc110.pdb" /TP /FU"C:\Program Files (x86)\Reference Assemblies\Microsoft\Framework\.NETFramework\v4.5\mscorlib.dll" /FU"C:\Program Files (x86)\Reference Assemblies\Microsoft\Framework\.NETFramework\v4.5\System.Data.dll" /FU"C:\Program Files (x86)\Reference Assemblies\Microsoft\Framework\.NETFramework\v4.5\System.dll" /FU"C:\Program Files (x86)\Reference Assemblies\Microsoft\Framework\.NETFramework\v4.5\System.Xml.dll" /analyze- /errorReport:prompt /clr:nostdlib AssemblyInfo.cpp GOClrDll.cpp
         AssemblyInfo.cpp
         GOClrDll.cpp
     1>D:\Program Files\opencvNew\include\opencv2/core/mat.hpp(1934): warning C4819: 该文件包含不能在当前代码页(936)中表示的字符。请将该文件保存为 Unicode 格式以防止数据丢失
     1>D:\Program Files\opencvNew\include\opencv2/core/persistence.hpp : warning C4819: 该文件包含不能在当前代码页(936)中表示的字符。请将该文件保存为 Unicode 格式以防止数据丢失
     1>D:\Program Files\opencvNew\include\opencv2/core/utility.hpp : warning C4819: 该文件包含不能在当前代码页(936)中表示的字符。请将该文件保存为 Unicode 格式以防止数据丢失
     1>D:\Program Files\opencvNew\include\opencv2/imgproc.hpp(606): warning C4819: 该文件包含不能在当前代码页(936)中表示的字符。请将该文件保存为 Unicode 格式以防止数据丢失
         正在生成代码...
     1>d:\program files\opencvnew\include\opencv2\core\cvstd.hpp(596): warning C4793: “cv::String::String”: 编译为本机的函数:
         	托管代码中发现一个不受支持的内部函数
     1>d:\program files\opencvnew\include\opencv2\core\mat.inl.hpp(413): warning C4793: “cv::Mat::Mat”: 编译为本机的函数:
         	托管代码中发现一个不受支持的内部函数
     1>d:\program files\opencvnew\include\opencv2\core\mat.inl.hpp(703): warning C4793: “cv::Mat::release”: 编译为本机的函数:
         	托管代码中发现一个不受支持的内部函数
     1>d:\program files\opencvnew\include\opencv2\core\mat.inl.hpp(1929): warning C4793: “cv::SparseMat::addref”: 编译为本机的函数:
         	托管代码中发现一个不受支持的内部函数
     1>d:\program files\opencvnew\include\opencv2\core\mat.inl.hpp(3530): warning C4793: “cv::UMat::addref”: 编译为本机的函数:
         	托管代码中发现一个不受支持的内部函数
     1>d:\program files\opencvnew\include\opencv2\core\ptr.inl.hpp(67): warning C4793: “cv::detail::PtrOwner::incRef”: 编译为本机的函数:
         	托管代码中发现一个不受支持的内部函数
     1>d:\program files\opencvnew\include\opencv2\core\ptr.inl.hpp(72): warning C4793: “cv::detail::PtrOwner::decRef”: 编译为本机的函数:
         	托管代码中发现一个不受支持的内部函数
         D:\Program Files (x86)\Microsoft Visual Studio 11.0\VC\bin\CL.exe /c /Zi /clr /nologo /W3 /WX- /Od /Oy- /D WIN32 /D _DEBUG /D _WINDLL /D _UNICODE /D UNICODE /EHa /MDd /GS /fp:precise /Zc:wchar_t /Zc:forScope /Fo"Debug\\" /Fd"Debug\vc110.pdb" /TP /analyze- /errorReport:prompt "C:\Users\Administrator\AppData\Local\Temp\.NETFramework,Version=v4.5.AssemblyAttributes.cpp"
         .NETFramework,Version=v4.5.AssemblyAttributes.cpp
       ResourceCompile:
         C:\Program Files (x86)\Windows Kits\8.0\bin\x86\rc.exe /D _UNICODE /D UNICODE /l"0x0409" /nologo /fo"Debug\app.res" app.rc 
       Link:
         D:\Program Files (x86)\Microsoft Visual Studio 11.0\VC\bin\link.exe /ERRORREPORT:PROMPT /OUT:"..\GOGPY\bin\Debug\GOClrClasslibrary.dll" /INCREMENTAL /NOLOGO opencv_world320d.lib kernel32.lib user32.lib gdi32.lib winspool.lib comdlg32.lib advapi32.lib shell32.lib ole32.lib oleaut32.lib uuid.lib odbc32.lib odbccp32.lib /MANIFEST /MANIFESTUAC:"level='asInvoker' uiAccess='false'" /manifest:embed /DEBUG /PDB:"..\GOGPY\bin\Debug\GOClrClasslibrary.pdb" /ASSEMBLYDEBUG /TLBID:1 /DYNAMICBASE /FIXED:NO /NXCOMPAT /MACHINE:X86 /DLL Debug\app.res
         Debug\AssemblyInfo.obj
         Debug\GOClrDll.obj
         Debug\Stdafx.obj
         "Debug\.NETFramework,Version=v4.5.AssemblyAttributes.obj"
         ClassLibrary1.vcxproj -> E:\未来项目\GOGPY\主要程序\GOGPY\ClassLibrary1\..\GOGPY\bin\Debug\GOClrClasslibrary.dll
     1>已完成生成项目“E:\未来项目\GOGPY\主要程序\GOGPY\ClassLibrary1\ClassLibrary1.vcxproj”(Rebuild 个目标)的操作。

生成成功。

已用时间 00:00:02.35
