E:\未来项目\GOGPY\主要程序\GOGPY\CLASSLIBRARY1\DEBUG\GOCLRCLASSLIBRARY.PCH
E:\未来项目\GOGPY\主要程序\GOGPY\CLASSLIBRARY1\DEBUG\STDAFX.OBJ
E:\未来项目\GOGPY\主要程序\GOGPY\CLASSLIBRARY1\DEBUG\VC110.PDB
E:\未来项目\GOGPY\主要程序\GOGPY\CLASSLIBRARY1\DEBUG\GOCLRDLL.OBJ
E:\未来项目\GOGPY\主要程序\GOGPY\CLASSLIBRARY1\DEBUG\ASSEMBLYINFO.OBJ
E:\未来项目\GOGPY\主要程序\GOGPY\CLASSLIBRARY1\DEBUG\.NETFRAMEWORK,VERSION=V4.5.ASSEMBLYATTRIBUTES.OBJ
E:\未来项目\GOGPY\主要程序\GOGPY\WINFORMAPPDOMAIN\BIN\DEBUG\GOCLRCLASSLIBRARY.ILK
E:\未来项目\GOGPY\主要程序\GOGPY\WINFORMAPPDOMAIN\BIN\DEBUG\GOCLRCLASSLIBRARY.DLL
E:\未来项目\GOGPY\主要程序\GOGPY\WINFORMAPPDOMAIN\BIN\DEBUG\GOCLRCLASSLIBRARY.PDB
E:\未来项目\GOGPY\主要程序\GOGPY\CLASSLIBRARY1\DEBUG\APP.RES
E:\未来项目\GOGPY\主要程序\GOGPY\ClassLibrary1\Debug\ClassLibrary1.vcxprojResolveAssemblyReference.cache
E:\未来项目\GOGPY\主要程序\GOGPY\ClassLibrary1\Debug\.NETFramework,Version=v4.5.AssemblyAttributes.obj
E:\未来项目\GOGPY\主要程序\GOGPY\ClassLibrary1\Debug\AssemblyInfo.obj
E:\未来项目\GOGPY\主要程序\GOGPY\ClassLibrary1\Debug\GOClrDll.obj
E:\未来项目\GOGPY\主要程序\GOGPY\ClassLibrary1\Debug\Stdafx.obj
E:\未来项目\GOGPY\主要程序\GOGPY\ClassLibrary1\Debug\cl.command.1.tlog
E:\未来项目\GOGPY\主要程序\GOGPY\ClassLibrary1\Debug\CL.read.1.tlog
E:\未来项目\GOGPY\主要程序\GOGPY\ClassLibrary1\Debug\CL.write.1.tlog
E:\未来项目\GOGPY\主要程序\GOGPY\ClassLibrary1\Debug\link.36960-cvtres.read.1.tlog
E:\未来项目\GOGPY\主要程序\GOGPY\ClassLibrary1\Debug\link.36960-cvtres.write.1.tlog
E:\未来项目\GOGPY\主要程序\GOGPY\ClassLibrary1\Debug\link.36960-rc.read.1.tlog
E:\未来项目\GOGPY\主要程序\GOGPY\ClassLibrary1\Debug\link.36960-rc.write.1.tlog
E:\未来项目\GOGPY\主要程序\GOGPY\ClassLibrary1\Debug\link.36960.read.1.tlog
E:\未来项目\GOGPY\主要程序\GOGPY\ClassLibrary1\Debug\link.36960.write.1.tlog
E:\未来项目\GOGPY\主要程序\GOGPY\ClassLibrary1\Debug\link.37112-cvtres.read.1.tlog
E:\未来项目\GOGPY\主要程序\GOGPY\ClassLibrary1\Debug\link.37112-cvtres.write.1.tlog
E:\未来项目\GOGPY\主要程序\GOGPY\ClassLibrary1\Debug\link.37112-rc.read.1.tlog
E:\未来项目\GOGPY\主要程序\GOGPY\ClassLibrary1\Debug\link.37112-rc.write.1.tlog
E:\未来项目\GOGPY\主要程序\GOGPY\ClassLibrary1\Debug\link.37112.read.1.tlog
E:\未来项目\GOGPY\主要程序\GOGPY\ClassLibrary1\Debug\link.37112.write.1.tlog
E:\未来项目\GOGPY\主要程序\GOGPY\ClassLibrary1\Debug\link.command.1.tlog
E:\未来项目\GOGPY\主要程序\GOGPY\ClassLibrary1\Debug\link.read.1.tlog
E:\未来项目\GOGPY\主要程序\GOGPY\ClassLibrary1\Debug\link.write.1.tlog
E:\未来项目\GOGPY\主要程序\GOGPY\ClassLibrary1\Debug\metagen.read.1.tlog
E:\未来项目\GOGPY\主要程序\GOGPY\ClassLibrary1\Debug\metagen.write.1.tlog
E:\未来项目\GOGPY\主要程序\GOGPY\ClassLibrary1\Debug\rc.command.1.tlog
E:\未来项目\GOGPY\主要程序\GOGPY\ClassLibrary1\Debug\rc.read.1.tlog
E:\未来项目\GOGPY\主要程序\GOGPY\ClassLibrary1\Debug\rc.write.1.tlog
E:\未来项目\GOGPY\主要程序\GOGPY\ClassLibrary1\Debug\app.res
E:\未来项目\GOGPY\主要程序\GOGPY\ClassLibrary1\Debug\GOClrClasslibrary.pch
E:\未来项目\GOGPY\主要程序\GOGPY\ClassLibrary1\Debug\vc110.pdb
E:\未来项目\GOGPY\主要程序\GOGPY\ClassLibrary1\Debug\TZRES.DLL.bi
E:\未来项目\GOGPY\主要程序\GOGPY\ClassLibrary1\..\WinformAppDomain\bin\Debug\GOClrClasslibrary.dll
